<?xml version="1.0" encoding="UTF-8"?>
<!-- Generated by org.testng.reporters.JUnitReportReporter -->
<testsuite hostname="pricetalk-lm" name="JUnitTest" tests="3" failures="0" timestamp="22 Mar 2017 05:51:44 GMT" time="3.018" errors="0">
  <testcase name="evaluatesExpression3" time="1.002" classname="JUnitTest"/>
  <testcase name="evaluatesExpression" time="1.012" classname="JUnitTest"/>
  <testcase name="evaluatesExpression2" time="1.004" classname="JUnitTest"/>
</testsuite> <!-- JUnitTest -->
